android/MyDogshow/proguard/seeds.txt
dev.tnclark8012.apps.android.dogshow.R$anim: int fade_in
dev.tnclark8012.apps.android.dogshow.R$anim: int fade_out
dev.tnclark8012.apps.android.dogshow.R$anim: int left_to_right
dev.tnclark8012.apps.android.dogshow.R$anim: int right_to_left
dev.tnclark8012.apps.android.dogshow.R$attr: int activatableItemBackground
dev.tnclark8012.apps.android.dogshow.R$attr: int adSize
dev.tnclark8012.apps.android.dogshow.R$attr: int adSizes
dev.tnclark8012.apps.android.dogshow.R$attr: int adUnitId
dev.tnclark8012.apps.android.dogshow.R$attr: int borderDrawable
dev.tnclark8012.apps.android.dogshow.R$attr: int buttonBarButtonStyle
dev.tnclark8012.apps.android.dogshow.R$attr: int buttonBarStyle
dev.tnclark8012.apps.android.dogshow.R$attr: int cameraBearing
dev.tnclark8012.apps.android.dogshow.R$attr: int cameraTargetLat
dev.tnclark8012.apps.android.dogshow.R$attr: int cameraTargetLng
dev.tnclark8012.apps.android.dogshow.R$attr: int cameraTilt
dev.tnclark8012.apps.android.dogshow.R$attr: int cameraZoom
dev.tnclark8012.apps.android.dogshow.R$attr: int hasStickyHeaders
dev.tnclark8012.apps.android.dogshow.R$attr: int isDrawingListUnderStickyHeader
dev.tnclark8012.apps.android.dogshow.R$attr: int mapType
dev.tnclark8012.apps.android.dogshow.R$attr: int maskDrawable
dev.tnclark8012.apps.android.dogshow.R$attr: int textHeaderMaxLines
dev.tnclark8012.apps.android.dogshow.R$attr: int trackAbstractMaxLines
dev.tnclark8012.apps.android.dogshow.R$attr: int typeface
dev.tnclark8012.apps.android.dogshow.R$attr: int uiCompass
dev.tnclark8012.apps.android.dogshow.R$attr: int uiRotateGestures
dev.tnclark8012.apps.android.dogshow.R$attr: int uiScrollGestures
dev.tnclark8012.apps.android.dogshow.R$attr: int uiTiltGestures
dev.tnclark8012.apps.android.dogshow.R$color: int accent_1
dev.tnclark8012.apps.android.dogshow.R$color: int accent_2
dev.tnclark8012.apps.android.dogshow.R$color: int action_bar_color
dev.tnclark8012.apps.android.dogshow.R$color: int black
dev.tnclark8012.apps.android.dogshow.R$color: int cadet_blue2
dev.tnclark8012.apps.android.dogshow.R$color: int cadet_blue3
dev.tnclark8012.apps.android.dogshow.R$color: int common_action_bar_splitter
dev.tnclark8012.apps.android.dogshow.R$color: int common_signin_btn_dark_text_default
dev.tnclark8012.apps.android.dogshow.R$color: int common_signin_btn_dark_text_disabled
dev.tnclark8012.apps.android.dogshow.R$color: int common_signin_btn_dark_text_focused
dev.tnclark8012.apps.android.dogshow.R$color: int common_signin_btn_dark_text_pressed
dev.tnclark8012.apps.android.dogshow.R$color: int common_signin_btn_default_background
dev.tnclark8012.apps.android.dogshow.R$color: int common_signin_btn_light_text_default
dev.tnclark8012.apps.android.dogshow.R$color: int common_signin_btn_light_text_disabled
dev.tnclark8012.apps.android.dogshow.R$color: int common_signin_btn_light_text_focused
dev.tnclark8012.apps.android.dogshow.R$color: int common_signin_btn_light_text_pressed
dev.tnclark8012.apps.android.dogshow.R$color: int common_signin_btn_text_dark
dev.tnclark8012.apps.android.dogshow.R$color: int common_signin_btn_text_light
dev.tnclark8012.apps.android.dogshow.R$color: int dark_blue
...
com.fasterxml.jackson.core.format.MatchStrength: com.fasterxml.jackson.core.format.MatchStrength[] values()
com.fasterxml.jackson.core.format.MatchStrength: com.fasterxml.jackson.core.format.MatchStrength valueOf(java.lang.String)
com.fasterxml.jackson.core.util.BufferRecycler$ByteBufferType: com.fasterxml.jackson.core.util.BufferRecycler$ByteBufferType[] values()
com.fasterxml.jackson.core.util.BufferRecycler$ByteBufferType: com.fasterxml.jackson.core.util.BufferRecycler$ByteBufferType valueOf(java.lang.String)
com.fasterxml.jackson.core.util.BufferRecycler$CharBufferType: com.fasterxml.jackson.core.util.BufferRecycler$CharBufferType[] values()
com.fasterxml.jackson.core.util.BufferRecycler$CharBufferType: com.fasterxml.jackson.core.util.BufferRecycler$CharBufferType valueOf(java.lang.String)
com.google.ads.AdRequest$ErrorCode: com.google.ads.AdRequest$ErrorCode[] values()
com.google.ads.AdRequest$ErrorCode: com.google.ads.AdRequest$ErrorCode valueOf(java.lang.String)
com.google.ads.AdRequest$Gender: com.google.ads.AdRequest$Gender[] values()
com.google.ads.AdRequest$Gender: com.google.ads.AdRequest$Gender valueOf(java.lang.String)
com.google.android.gms.R$attr: int adSize
com.google.android.gms.R$attr: int adSizes
com.google.android.gms.R$attr: int adUnitId
com.google.android.gms.R$attr: int cameraBearing
com.google.android.gms.R$attr: int cameraTargetLat
com.google.android.gms.R$attr: int cameraTargetLng
com.google.android.gms.R$attr: int cameraTilt
com.google.android.gms.R$attr: int cameraZoom
com.google.android.gms.R$attr: int mapType
com.google.android.gms.R$attr: int uiCompass
com.google.android.gms.R$attr: int uiRotateGestures
com.google.android.gms.R$attr: int uiScrollGestures
com.google.android.gms.R$attr: int uiTiltGestures
com.google.android.gms.R$attr: int uiZoomControls
com.google.android.gms.R$attr: int uiZoomGestures
com.google.android.gms.R$attr: int useViewLifecycle
com.google.android.gms.R$attr: int zOrderOnTop
com.google.android.gms.R$color: int common_action_bar_splitter
com.google.android.gms.R$color: int common_signin_btn_dark_text_default
com.google.android.gms.R$color: int common_signin_btn_dark_text_disabled
com.google.android.gms.R$color: int common_signin_btn_dark_text_focused
com.google.android.gms.R$color: int common_signin_btn_dark_text_pressed
com.google.android.gms.R$color: int common_signin_btn_default_background
com.google.android.gms.R$color: int common_signin_btn_light_text_default
com.google.android.gms.R$color: int common_signin_btn_light_text_disabled
com.google.android.gms.R$color: int common_signin_btn_light_text_focused
com.google.android.gms.R$color: int common_signin_btn_light_text_pressed
com.google.android.gms.R$color: int common_signin_btn_text_dark
com.google.android.gms.R$color: int common_signin_btn_text_light