android/MyDogshow/proguard/mapping.txt
dev.tnclark8012.apps.android.dogshow.Config -> dev.tnclark8012.apps.android.dogshow.a:
    java.lang.String TAG -> a
dev.tnclark8012.apps.android.dogshow.Config$IApiAccessor -> dev.tnclark8012.apps.android.dogshow.b:
    java.net.URL getShowsUrl() -> a
    dev.tnclark8012.apps.android.dogshow.model.BreedRing[] getBreedRings(java.lang.String,java.lang.String,java.lang.Boolean,java.lang.Boolean) -> a
    dev.tnclark8012.apps.android.dogshow.model.JuniorsRing[] getJuniorsRings(java.lang.String,java.lang.String) -> a
    dev.tnclark8012.apps.android.dogshow.model.Show[] getShows() -> b
    java.lang.String register(java.lang.String,java.lang.String,java.lang.String,java.lang.String,java.lang.String) -> a
    dev.tnclark8012.apps.android.dogshow.sync.response.DogSyncResponse[] syncDogs(java.lang.String,java.lang.String,long,dev.tnclark8012.apps.android.dogshow.model.Dog[],java.lang.String[]) -> a
    dev.tnclark8012.apps.android.dogshow.sync.response.HandlerSyncResponse[] syncHandlers(java.lang.String,java.lang.String,long,dev.tnclark8012.apps.android.dogshow.model.Handler[],java.lang.String[]) -> a
    dev.tnclark8012.apps.android.dogshow.sync.response.ShowTeamSyncResponse[] syncShowTeams(java.lang.String,long,java.lang.String[]) -> a
    dev.tnclark8012.apps.android.dogshow.sync.response.ShowTeamResponse createShowTeam(java.lang.String,java.lang.String,java.lang.String) -> a
    dev.tnclark8012.apps.android.dogshow.sync.response.ShowTeamResponse joinShowTeam(java.lang.String,java.lang.String,java.lang.String) -> b
dev.tnclark8012.apps.android.dogshow.NotificationHandler -> dev.tnclark8012.apps.android.dogshow.c:
    java.lang.String mHandle -> a
    12:12:java.lang.String getHandle() -> a
    16:17:void setHandle(java.lang.String) -> a
    21:23:void onRegistered(android.content.Context,java.lang.String) -> a
dev.tnclark8012.apps.android.dogshow.R -> dev.tnclark8012.apps.android.dogshow.d:
dev.tnclark8012.apps.android.dogshow.R$styleable -> dev.tnclark8012.apps.android.dogshow.e:
    int[] AdsAttrs -> AdsAttrs
    int AdsAttrs_adSize -> AdsAttrs_adSize
    int AdsAttrs_adSizes -> AdsAttrs_adSizes
    int AdsAttrs_adUnitId -> AdsAttrs_adUnitId
    int[] BaseTheme -> BaseTheme
    int BaseTheme_activatableItemBackground -> BaseTheme_activatableItemBackground
    int BaseTheme_buttonBarButtonStyle -> BaseTheme_buttonBarButtonStyle
    int BaseTheme_buttonBarStyle -> BaseTheme_buttonBarStyle
    int BaseTheme_textHeaderMaxLines -> BaseTheme_textHeaderMaxLines
    int BaseTheme_trackAbstractMaxLines -> BaseTheme_trackAbstractMaxLines
    int[] BezelImageView -> BezelImageView
    int BezelImageView_borderDrawable -> BezelImageView_borderDrawable
    int BezelImageView_maskDrawable -> BezelImageView_maskDrawable
    int[] MapAttrs -> MapAttrs
    int MapAttrs_cameraBearing -> MapAttrs_cameraBearing
    int MapAttrs_cameraTargetLat -> MapAttrs_cameraTargetLat
    int MapAttrs_cameraTargetLng -> MapAttrs_cameraTargetLng
    int MapAttrs_cameraTilt -> MapAttrs_cameraTilt
    int MapAttrs_cameraZoom -> MapAttrs_cameraZoom
    int MapAttrs_mapType -> MapAttrs_mapType
    int MapAttrs_uiCompass -> MapAttrs_uiCompass
    int MapAttrs_uiRotateGestures -> MapAttrs_uiRotateGestures
    int MapAttrs_uiScrollGestures -> MapAttrs_uiScrollGestures
    int MapAttrs_uiTiltGestures -> MapAttrs_uiTiltGestures
    int MapAttrs_uiZoomControls -> MapAttrs_uiZoomControls
dev.tnclark8012.apps.android.dogshow.adapters.BaseEntityCursorAdapter -> dev.tnclark8012.apps.android.dogshow.a.a:
dev.tnclark8012.apps.android.dogshow.adapters.DogListAdapter -> dev.tnclark8012.apps.android.dogshow.a.b:
    android.app.Activity mActivity -> a
    com.nostra13.universalimageloader.core.DisplayImageOptions options -> b
    38:50:void bindView(android.view.View,android.content.Context,android.database.Cursor) -> bindView
    54:60:android.view.View newView(android.content.Context,android.database.Cursor,android.view.ViewGroup) -> newView
...
dev.tnclark8012.dogshow.shared.DogshowEnums$JuniorClass -> dev.tnclark8012.a.a.d:
    dev.tnclark8012.dogshow.shared.DogshowEnums$JuniorClass NOVICE_JUNIOR -> a
    dev.tnclark8012.dogshow.shared.DogshowEnums$JuniorClass NOVICE_INTERMEDIATE -> b
    dev.tnclark8012.dogshow.shared.DogshowEnums$JuniorClass NOVICE_SENIOR -> c
    dev.tnclark8012.dogshow.shared.DogshowEnums$JuniorClass OPEN_JUNIOR -> d
    dev.tnclark8012.dogshow.shared.DogshowEnums$JuniorClass OPEN_INTERMEDIATE -> e
    dev.tnclark8012.dogshow.shared.DogshowEnums$JuniorClass OPEN_SENIOR -> f
    dev.tnclark8012.dogshow.shared.DogshowEnums$JuniorClass MASTER_CLASS -> g
    java.lang.String mName -> h
    dev.tnclark8012.dogshow.shared.DogshowEnums$JuniorClass[] ENUM$VALUES -> i
    15:23:dev.tnclark8012.dogshow.shared.DogshowEnums$JuniorClass parse(java.lang.String) -> a
    27:27:java.lang.String getPrimaryName() -> a
    31:31:boolean hasName(java.lang.String) -> b
    1:1:dev.tnclark8012.dogshow.shared.DogshowEnums$JuniorClass[] values() -> values
    1:1:dev.tnclark8012.dogshow.shared.DogshowEnums$JuniorClass valueOf(java.lang.String) -> valueOf
eu.janmuller.android.simplecropimage.BitmapManager -> eu.janmuller.android.simplecropimage.a:
    java.util.WeakHashMap mThreadStatus -> a
    eu.janmuller.android.simplecropimage.BitmapManager sManager -> b
    104:109:eu.janmuller.android.simplecropimage.BitmapManager$ThreadStatus getOrCreateThreadStatus(java.lang.Thread) -> b
    147:150:void cancelThreadDecoding(eu.janmuller.android.simplecropimage.BitmapManager$ThreadSet) -> a
    174:182:void cancelThreadDecoding(java.lang.Thread) -> a
    202:205:eu.janmuller.android.simplecropimage.BitmapManager instance() -> a
eu.janmuller.android.simplecropimage.BitmapManager$State -> eu.janmuller.android.simplecropimage.b:
    eu.janmuller.android.simplecropimage.BitmapManager$State CANCEL -> a
    eu.janmuller.android.simplecropimage.BitmapManager$State ALLOW -> b
    eu.janmuller.android.simplecropimage.BitmapManager$State[] ENUM$VALUES -> c
    1:1:eu.janmuller.android.simplecropimage.BitmapManager$State[] values() -> values
    1:1:eu.janmuller.android.simplecropimage.BitmapManager$State valueOf(java.lang.String) -> valueOf
eu.janmuller.android.simplecropimage.BitmapManager$ThreadSet -> eu.janmuller.android.simplecropimage.c:
    java.util.WeakHashMap mWeakCollection -> a
    86:86:java.util.Iterator iterator() -> iterator
eu.janmuller.android.simplecropimage.BitmapManager$ThreadStatus -> eu.janmuller.android.simplecropimage.d:
    eu.janmuller.android.simplecropimage.BitmapManager$State mState -> a
    android.graphics.BitmapFactory$Options mOptions -> b
    57:65:java.lang.String toString() -> toString