android/MyDogshow/proguard/usage.txt
dev.tnclark8012.apps.android.dogshow.BuildConfig
dev.tnclark8012.apps.android.dogshow.Config:
    public static final boolean DEBUG_OFFLINE
    public static final boolean SYNC_ENABLED
dev.tnclark8012.apps.android.dogshow.Config$IApiAccessor:
    public abstract java.net.URL buildGetBreedRingsUrl(java.lang.String)
    public abstract java.net.URL buildGetBreedRingsUrl(java.lang.String,java.lang.String,java.lang.Boolean,java.lang.Boolean)
    public abstract java.net.URL buildGetJuniorRingsUrl(java.lang.String,java.lang.String)
    public abstract java.net.URL getBaseUrl()
    public abstract java.net.URL getRegistrationUrl()
dev.tnclark8012.apps.android.dogshow.Manifest
dev.tnclark8012.apps.android.dogshow.Manifest$permission
dev.tnclark8012.apps.android.dogshow.QueryHelper
dev.tnclark8012.apps.android.dogshow.R:
    10:10:public R()
dev.tnclark8012.apps.android.dogshow.R$anim
dev.tnclark8012.apps.android.dogshow.R$attr
dev.tnclark8012.apps.android.dogshow.R$color
dev.tnclark8012.apps.android.dogshow.R$dimen
dev.tnclark8012.apps.android.dogshow.R$drawable
dev.tnclark8012.apps.android.dogshow.R$id
dev.tnclark8012.apps.android.dogshow.R$integer
dev.tnclark8012.apps.android.dogshow.R$layout
dev.tnclark8012.apps.android.dogshow.R$menu
dev.tnclark8012.apps.android.dogshow.R$plurals
dev.tnclark8012.apps.android.dogshow.R$string
dev.tnclark8012.apps.android.dogshow.R$style
dev.tnclark8012.apps.android.dogshow.R$styleable:
    872:872:public R$styleable()
dev.tnclark8012.apps.android.dogshow.R$xml
dev.tnclark8012.apps.android.dogshow.adapters.BreedAdapter
dev.tnclark8012.apps.android.dogshow.adapters.NavigationDrawerCursorAdapter
dev.tnclark8012.apps.android.dogshow.model.Location
dev.tnclark8012.apps.android.dogshow.model.ShowRing
dev.tnclark8012.apps.android.dogshow.model.TimeBlock
dev.tnclark8012.apps.android.dogshow.preferences.Prefs:
    public static final java.lang.String KEY_C2DM_REG_ID
    public static final java.lang.String KEY_OPEN_ID
    public static final java.lang.String KEY_AUTH_TOKEN
    public static final java.lang.String KEY_DEVICE_ID
    public static final java.lang.String KEY_JUDGE_TIME
    public static final java.lang.String KEY_SETUP_COMPLETE
    public static final java.lang.String KEY_INSTALL_ID
    public static final java.lang.String KEY_USER_ID
    public static final java.lang.String KEY_LAST_SYNC
    public static final java.lang.String KEY_ENABLE_SYNC
    public static final java.lang.String KEY_CURRENT_TEAM_ID
    public static final java.lang.String KEY_LOCAL_SERVER
    12:12:public Prefs()
dev.tnclark8012.apps.android.dogshow.preferences.PrefsActivity$DeveloperPrefsFragment
dev.tnclark8012.apps.android.dogshow.preferences.PrefsActivity$DogshowPrefsFragment
dev.tnclark8012.apps.android.dogshow.provider.DogshowProvider:
    private static final int DOGS
    private static final int DOGS_ID
    private static final int DOGS_ENTERED
    private static final int BREED_RINGS
    private static final int BREED_RINGS_WITH_DOGS
    private static final int BREED_RINGS_WITH_DOGS_ENTERED
    private static final int HANDLERS
    private static final int HANDLERS_ID
    private static final int HANDLERS_BY_JUNIORS_CLASS
    private static final int JUNIORS_RINGS
    private static final int ALL_RINGS_ENTERED
    private static final int SHOW_TEAMS
dev.tnclark8012.apps.android.dogshow.provider.DogshowProvider$Qualified
dev.tnclark8012.apps.android.dogshow.provider.DogshowProvider$Subquery
dev.tnclark8012.apps.android.dogshow.provider.PersistHelper:
    92:93:public void updateEntity(android.net.Uri,java.util.Map,java.lang.String,java.lang.String[])
    101:102:public void updateBreedRing(long,java.util.Map)
    105:106:public void updateJuniorsRing(long,java.util.Map)
...
com.google.android.gms.internal.bz$1
com.google.android.gms.internal.bz$2
com.google.android.gms.internal.bz$3
com.google.android.gms.internal.bz$a
com.google.android.gms.internal.c
com.google.android.gms.internal.c$a
com.google.android.gms.internal.c$b
com.google.android.gms.internal.c$c
com.google.android.gms.internal.c$d
com.google.android.gms.internal.c$e
com.google.android.gms.internal.c$f
com.google.android.gms.internal.c$g
com.google.android.gms.internal.c$h
com.google.android.gms.internal.c$i
com.google.android.gms.internal.c$j
com.google.android.gms.internal.ca
com.google.android.gms.internal.ca$a
com.google.android.gms.internal.cb
com.google.android.gms.internal.cb$a
com.google.android.gms.internal.cb$b
com.google.android.gms.internal.cc
com.google.android.gms.internal.cd:
    public cd(android.os.Bundle,com.google.android.gms.internal.z,com.google.android.gms.internal.ab,java.lang.String,android.content.pm.ApplicationInfo,android.content.pm.PackageInfo,java.lang.String,java.lang.String,java.lang.String,com.google.android.gms.internal.db,android.os.Bundle)
    public cd(com.google.android.gms.internal.cd$a,java.lang.String)
com.google.android.gms.internal.cd$a
com.google.android.gms.internal.cf:
    public cf(java.lang.String,java.lang.String,java.util.List,java.util.List,long,boolean,long,java.util.List,long,int,java.lang.String,long)
    public cf(int)
com.google.android.gms.internal.ch
com.google.android.gms.internal.ch$a
com.google.android.gms.internal.ch$a$a
com.google.android.gms.internal.ci
com.google.android.gms.internal.ci$1
com.google.android.gms.internal.cj
com.google.android.gms.internal.ck
com.google.android.gms.internal.ck$1
com.google.android.gms.internal.ck$2
com.google.android.gms.internal.cl
com.google.android.gms.internal.cm
com.google.android.gms.internal.cn
com.google.android.gms.internal.co
com.google.android.gms.internal.co$a
com.google.android.gms.internal.cp
com.google.android.gms.internal.cq
com.google.android.gms.internal.cr
com.google.android.gms.internal.cs
com.google.android.gms.internal.ct
com.google.android.gms.internal.ct$1
com.google.android.gms.internal.cu
com.google.android.gms.internal.cu$1
com.google.android.gms.internal.cu$2
com.google.android.gms.internal.cv
com.google.android.gms.internal.cv$1
com.google.android.gms.internal.cv$a
com.google.android.gms.internal.cw
com.google.android.gms.internal.cx
com.google.android.gms.internal.cy
com.google.android.gms.internal.cz
com.google.android.gms.internal.d
com.google.android.gms.internal.d$a
com.google.android.gms.internal.da:
    public static void a(java.lang.String,java.lang.Throwable)
    public static void t(java.lang.String)
    public static void u(java.lang.String)
    public static void v(java.lang.String)
    public static void b(java.lang.String,java.lang.Throwable)
com.google.android.gms.internal.db:
    public db(int,int,boolean)